2022-12-19 22:12:797 INFO  ElectronicsCellPhonesPage :32 - Mousehover on Electronics [[ChromeDriver: chrome on WINDOWS (2d438c9312e2262e0a89c3c94f02d1bb)] -> link text: Electronics]
2022-12-19 22:12:571 INFO  ElectronicsCellPhonesPage :39 - Get cellphonepage welcome text [[ChromeDriver: chrome on WINDOWS (2d438c9312e2262e0a89c3c94f02d1bb)] -> xpath: //h1[contains(text(),'Cell phones')]]
2022-12-19 22:12:575 INFO  ElectronicsCellPhonesPage :32 - Mousehover on Electronics [[ChromeDriver: chrome on WINDOWS (fee6ed2716815752aa0a1fb8f92d0361)] -> link text: Electronics]
2022-12-19 22:12:869 INFO  ElectronicsCellPhonesPage :39 - Get cellphonepage welcome text [[ChromeDriver: chrome on WINDOWS (fee6ed2716815752aa0a1fb8f92d0361)] -> xpath: //h1[contains(text(),'Cell phones')]]
2022-12-19 23:12:459 INFO  ElectronicsCellPhonesPage :32 - Mousehover on Electronics [[ChromeDriver: chrome on WINDOWS (27e1cce9d383f25aa7ec6fe27811096b)] -> link text: Electronics]
2022-12-19 23:12:304 INFO  ElectronicsCellPhonesPage :39 - Get cellphonepage welcome text [[ChromeDriver: chrome on WINDOWS (27e1cce9d383f25aa7ec6fe27811096b)] -> xpath: //h1[contains(text(),'Cell phones')]]
2022-12-19 23:12:366 INFO  ElectronicsCellPhonesPage :44 - Click on the list view tab [[ChromeDriver: chrome on WINDOWS (27e1cce9d383f25aa7ec6fe27811096b)] -> xpath: //a[contains(text(),'List')]]
2022-12-19 23:12:466 INFO  CellPhonesListViewPage :26 - Click on nokialumia 1020[[ChromeDriver: chrome on WINDOWS (27e1cce9d383f25aa7ec6fe27811096b)] -> xpath: //div[@class='products-wrapper']//a[@href='/nokia-lumia-1020']]
2022-12-19 23:12:345 INFO  CellphoneListViewNokiaLumiaPage :46 - get text from nokia lumia textProxy element for: DefaultElementLocator 'By.xpath: //h1[contains(text(),'Nokia Lumia 1020')]'
2022-12-20 00:12:692 INFO  ElectronicsCellPhonesPage :32 - Mousehover on Electronics [[ChromeDriver: chrome on WINDOWS (e601ad833c1289e6dd6e246b51cd1f5c)] -> link text: Electronics]
2022-12-20 00:12:920 INFO  ElectronicsCellPhonesPage :39 - Get cellphonepage welcome text [[ChromeDriver: chrome on WINDOWS (e601ad833c1289e6dd6e246b51cd1f5c)] -> xpath: //h1[contains(text(),'Cell phones')]]
2022-12-20 00:12:975 INFO  ElectronicsCellPhonesPage :44 - Click on the list view tab [[ChromeDriver: chrome on WINDOWS (e601ad833c1289e6dd6e246b51cd1f5c)] -> xpath: //a[contains(text(),'List')]]
2022-12-20 00:12:65 INFO  CellPhonesListViewPage :26 - Click on nokialumia 1020[[ChromeDriver: chrome on WINDOWS (e601ad833c1289e6dd6e246b51cd1f5c)] -> xpath: //div[@class='products-wrapper']//a[@href='/nokia-lumia-1020']]
2022-12-20 00:12:891 INFO  CellphoneListViewNokiaLumiaPage :46 - get text from nokia lumia text[[ChromeDriver: chrome on WINDOWS (e601ad833c1289e6dd6e246b51cd1f5c)] -> xpath: //h1[contains(text(),'Nokia Lumia 1020')]]
2022-12-20 00:12:928 INFO  CellphoneListViewNokiaLumiaPage :52 - get text from nokia Lumia price[[ChromeDriver: chrome on WINDOWS (e601ad833c1289e6dd6e246b51cd1f5c)] -> xpath: //span[@id='price-value-20']]
2022-12-20 00:12:129 INFO  CellphoneListViewNokiaLumiaPage :63 - Updated quantity for nokia lumia1020[[ChromeDriver: chrome on WINDOWS (e601ad833c1289e6dd6e246b51cd1f5c)] -> id: product_enteredQuantity_20]
2022-12-20 00:12:200 INFO  CellphoneListViewNokiaLumiaPage :68 - click on Nokia lumia add to cart button[[ChromeDriver: chrome on WINDOWS (e601ad833c1289e6dd6e246b51cd1f5c)] -> id: add-to-cart-button-20]
2022-12-20 00:12:730 INFO  CellphoneListViewNokiaLumiaPage :73 - get product added to cart message [[ChromeDriver: chrome on WINDOWS (e601ad833c1289e6dd6e246b51cd1f5c)] -> xpath: //p[@class='content']]
2022-12-20 00:12:771 INFO  CellphoneListViewNokiaLumiaPage :78 - close the green bar by clicking the cross button[[ChromeDriver: chrome on WINDOWS (e601ad833c1289e6dd6e246b51cd1f5c)] -> css selector: span[title='Close']]
2022-12-20 00:12:853 INFO  CellphoneListViewNokiaLumiaPage :83 - Mouse hover on nokia lumia shopping cart button[[ChromeDriver: chrome on WINDOWS (e601ad833c1289e6dd6e246b51cd1f5c)] -> xpath: //span[text()='Shopping cart']]
2022-12-20 00:12:225 INFO  ElectronicsCellPhonesPage :32 - Mousehover on Electronics [[ChromeDriver: chrome on WINDOWS (153ff10aae06cc4f2a9ae146ea456b61)] -> link text: Electronics]
2022-12-20 00:12:948 INFO  ElectronicsCellPhonesPage :39 - Get cellphonepage welcome text [[ChromeDriver: chrome on WINDOWS (153ff10aae06cc4f2a9ae146ea456b61)] -> xpath: //h1[contains(text(),'Cell phones')]]
2022-12-20 00:12:04 INFO  ElectronicsCellPhonesPage :44 - Click on the list view tab [[ChromeDriver: chrome on WINDOWS (153ff10aae06cc4f2a9ae146ea456b61)] -> xpath: //a[contains(text(),'List')]]
2022-12-20 00:12:103 INFO  CellPhonesListViewPage :26 - Click on nokialumia 1020[[ChromeDriver: chrome on WINDOWS (153ff10aae06cc4f2a9ae146ea456b61)] -> xpath: //div[@class='products-wrapper']//a[@href='/nokia-lumia-1020']]
2022-12-20 00:12:501 INFO  CellphoneListViewNokiaLumiaPage :46 - get text from nokia lumia text[[ChromeDriver: chrome on WINDOWS (153ff10aae06cc4f2a9ae146ea456b61)] -> xpath: //h1[contains(text(),'Nokia Lumia 1020')]]
2022-12-20 00:12:557 INFO  CellphoneListViewNokiaLumiaPage :52 - get text from nokia Lumia price[[ChromeDriver: chrome on WINDOWS (153ff10aae06cc4f2a9ae146ea456b61)] -> xpath: //span[@id='price-value-20']]
2022-12-20 00:12:785 INFO  CellphoneListViewNokiaLumiaPage :63 - Updated quantity for nokia lumia1020[[ChromeDriver: chrome on WINDOWS (153ff10aae06cc4f2a9ae146ea456b61)] -> id: product_enteredQuantity_20]
2022-12-20 00:12:843 INFO  CellphoneListViewNokiaLumiaPage :68 - click on Nokia lumia add to cart button[[ChromeDriver: chrome on WINDOWS (153ff10aae06cc4f2a9ae146ea456b61)] -> id: add-to-cart-button-20]
2022-12-20 00:12:174 INFO  CellphoneListViewNokiaLumiaPage :73 - get product added to cart message [[ChromeDriver: chrome on WINDOWS (153ff10aae06cc4f2a9ae146ea456b61)] -> xpath: //p[@class='content']]
2022-12-20 00:12:228 INFO  CellphoneListViewNokiaLumiaPage :78 - close the green bar by clicking the cross button[[ChromeDriver: chrome on WINDOWS (153ff10aae06cc4f2a9ae146ea456b61)] -> css selector: span[title='Close']]
2022-12-20 00:12:433 INFO  CellphoneListViewNokiaLumiaPage :83 - Mouse hover on nokia lumia shopping cart button[[ChromeDriver: chrome on WINDOWS (153ff10aae06cc4f2a9ae146ea456b61)] -> xpath: //span[text()='Shopping cart']]
2022-12-20 00:12:175 INFO  ElectronicsCellPhonesPage :32 - Mousehover on Electronics [[ChromeDriver: chrome on WINDOWS (f3cbc237ac4eb9cbf845f3ef153352bb)] -> link text: Electronics]
2022-12-20 00:12:262 INFO  ElectronicsCellPhonesPage :39 - Get cellphonepage welcome text [[ChromeDriver: chrome on WINDOWS (f3cbc237ac4eb9cbf845f3ef153352bb)] -> xpath: //h1[contains(text(),'Cell phones')]]
2022-12-20 00:12:313 INFO  ElectronicsCellPhonesPage :44 - Click on the list view tab [[ChromeDriver: chrome on WINDOWS (f3cbc237ac4eb9cbf845f3ef153352bb)] -> xpath: //a[contains(text(),'List')]]
2022-12-20 00:12:397 INFO  CellPhonesListViewPage :26 - Click on nokialumia 1020[[ChromeDriver: chrome on WINDOWS (f3cbc237ac4eb9cbf845f3ef153352bb)] -> xpath: //div[@class='products-wrapper']//a[@href='/nokia-lumia-1020']]
2022-12-20 00:12:128 INFO  CellphoneListViewNokiaLumiaPage :46 - get text from nokia lumia text[[ChromeDriver: chrome on WINDOWS (f3cbc237ac4eb9cbf845f3ef153352bb)] -> xpath: //h1[contains(text(),'Nokia Lumia 1020')]]
2022-12-20 00:12:169 INFO  CellphoneListViewNokiaLumiaPage :52 - get text from nokia Lumia price[[ChromeDriver: chrome on WINDOWS (f3cbc237ac4eb9cbf845f3ef153352bb)] -> xpath: //span[@id='price-value-20']]
2022-12-20 00:12:348 INFO  CellphoneListViewNokiaLumiaPage :63 - Updated quantity for nokia lumia1020[[ChromeDriver: chrome on WINDOWS (f3cbc237ac4eb9cbf845f3ef153352bb)] -> id: product_enteredQuantity_20]
2022-12-20 00:12:401 INFO  CellphoneListViewNokiaLumiaPage :68 - click on Nokia lumia add to cart button[[ChromeDriver: chrome on WINDOWS (f3cbc237ac4eb9cbf845f3ef153352bb)] -> id: add-to-cart-button-20]
2022-12-20 00:12:681 INFO  CellphoneListViewNokiaLumiaPage :73 - get product added to cart message [[ChromeDriver: chrome on WINDOWS (f3cbc237ac4eb9cbf845f3ef153352bb)] -> xpath: //p[@class='content']]
2022-12-20 00:12:730 INFO  CellphoneListViewNokiaLumiaPage :78 - close the green bar by clicking the cross button[[ChromeDriver: chrome on WINDOWS (f3cbc237ac4eb9cbf845f3ef153352bb)] -> css selector: span[title='Close']]
2022-12-20 00:12:808 INFO  CellphoneListViewNokiaLumiaPage :83 - Mouse hover on nokia lumia shopping cart button[[ChromeDriver: chrome on WINDOWS (f3cbc237ac4eb9cbf845f3ef153352bb)] -> xpath: //span[text()='Shopping cart']]
2022-12-20 00:12:874 INFO  ElectronicsCellPhonesPage :32 - Mousehover on Electronics [[ChromeDriver: chrome on WINDOWS (a62fd205a42bb874b5d6e94c00ac23b0)] -> link text: Electronics]
2022-12-20 00:12:757 INFO  ElectronicsCellPhonesPage :39 - Get cellphonepage welcome text [[ChromeDriver: chrome on WINDOWS (a62fd205a42bb874b5d6e94c00ac23b0)] -> xpath: //h1[contains(text(),'Cell phones')]]
2022-12-20 00:12:820 INFO  ElectronicsCellPhonesPage :44 - Click on the list view tab [[ChromeDriver: chrome on WINDOWS (a62fd205a42bb874b5d6e94c00ac23b0)] -> xpath: //a[contains(text(),'List')]]
2022-12-20 00:12:906 INFO  CellPhonesListViewPage :26 - Click on nokialumia 1020[[ChromeDriver: chrome on WINDOWS (a62fd205a42bb874b5d6e94c00ac23b0)] -> xpath: //div[@class='products-wrapper']//a[@href='/nokia-lumia-1020']]
2022-12-20 00:12:313 INFO  CellphoneListViewNokiaLumiaPage :46 - get text from nokia lumia text[[ChromeDriver: chrome on WINDOWS (a62fd205a42bb874b5d6e94c00ac23b0)] -> xpath: //h1[contains(text(),'Nokia Lumia 1020')]]
2022-12-20 00:12:353 INFO  CellphoneListViewNokiaLumiaPage :52 - get text from nokia Lumia price[[ChromeDriver: chrome on WINDOWS (a62fd205a42bb874b5d6e94c00ac23b0)] -> xpath: //span[@id='price-value-20']]
2022-12-20 00:12:538 INFO  CellphoneListViewNokiaLumiaPage :63 - Updated quantity for nokia lumia1020[[ChromeDriver: chrome on WINDOWS (a62fd205a42bb874b5d6e94c00ac23b0)] -> id: product_enteredQuantity_20]
2022-12-20 00:12:595 INFO  CellphoneListViewNokiaLumiaPage :68 - click on Nokia lumia add to cart button[[ChromeDriver: chrome on WINDOWS (a62fd205a42bb874b5d6e94c00ac23b0)] -> id: add-to-cart-button-20]
2022-12-20 00:12:893 INFO  CellphoneListViewNokiaLumiaPage :73 - get product added to cart message [[ChromeDriver: chrome on WINDOWS (a62fd205a42bb874b5d6e94c00ac23b0)] -> xpath: //p[@class='content']]
2022-12-20 00:12:941 INFO  CellphoneListViewNokiaLumiaPage :78 - close the green bar by clicking the cross button[[ChromeDriver: chrome on WINDOWS (a62fd205a42bb874b5d6e94c00ac23b0)] -> css selector: span[title='Close']]
2022-12-20 00:12:13 INFO  CellphoneListViewNokiaLumiaPage :83 - Mouse hover on nokia lumia shopping cart button[[ChromeDriver: chrome on WINDOWS (a62fd205a42bb874b5d6e94c00ac23b0)] -> xpath: //span[text()='Shopping cart']]
2022-12-20 00:12:209 INFO  CellphoneListViewNokiaLumiaPage :88 - click on nokia lumia go to cart Button[[ChromeDriver: chrome on WINDOWS (a62fd205a42bb874b5d6e94c00ac23b0)] -> xpath: //button[text()='Go to cart']]
2022-12-20 00:12:629 INFO  ShoppingCartPage :59 - Updat the quantity field2
2022-12-20 00:12:727 INFO  ShoppingCartPage :69 - Get tect from amount element[[ChromeDriver: chrome on WINDOWS (a62fd205a42bb874b5d6e94c00ac23b0)] -> xpath: //span[@class='product-subtotal']]
2022-12-20 00:12:772 INFO  ShoppingCartPage :74 - click on term and conditions agreebox[[ChromeDriver: chrome on WINDOWS (a62fd205a42bb874b5d6e94c00ac23b0)] -> xpath: //input[@id='termsofservice']]
2022-12-20 00:12:858 INFO  ShoppingCartPage :79 - click on checkout button[[ChromeDriver: chrome on WINDOWS (a62fd205a42bb874b5d6e94c00ac23b0)] -> xpath: //button[@id='checkout']]
2022-12-20 00:12:869 INFO  ElectronicsCellPhonesPage :32 - Mousehover on Electronics [[ChromeDriver: chrome on WINDOWS (85e2c8145a0b97491bb8756322cda385)] -> link text: Electronics]
2022-12-20 00:12:318 INFO  ElectronicsCellPhonesPage :39 - Get cellphonepage welcome text [[ChromeDriver: chrome on WINDOWS (85e2c8145a0b97491bb8756322cda385)] -> xpath: //h1[contains(text(),'Cell phones')]]
2022-12-20 00:12:364 INFO  ElectronicsCellPhonesPage :44 - Click on the list view tab [[ChromeDriver: chrome on WINDOWS (85e2c8145a0b97491bb8756322cda385)] -> xpath: //a[contains(text(),'List')]]
2022-12-20 00:12:452 INFO  CellPhonesListViewPage :26 - Click on nokialumia 1020[[ChromeDriver: chrome on WINDOWS (85e2c8145a0b97491bb8756322cda385)] -> xpath: //div[@class='products-wrapper']//a[@href='/nokia-lumia-1020']]
2022-12-20 00:12:998 INFO  CellphoneListViewNokiaLumiaPage :46 - get text from nokia lumia textProxy element for: DefaultElementLocator 'By.xpath: //h1[contains(text(),'Nokia Lumia 1020')]'
2022-12-20 00:12:557 INFO  ElectronicsCellPhonesPage :32 - Mousehover on Electronics [[ChromeDriver: chrome on WINDOWS (13860f9cda8b85ed4bf0874d5195cfce)] -> link text: Electronics]
2022-12-20 00:12:03 INFO  ElectronicsCellPhonesPage :39 - Get cellphonepage welcome text [[ChromeDriver: chrome on WINDOWS (13860f9cda8b85ed4bf0874d5195cfce)] -> xpath: //h1[contains(text(),'Cell phones')]]
2022-12-20 00:12:50 INFO  ElectronicsCellPhonesPage :44 - Click on the list view tab [[ChromeDriver: chrome on WINDOWS (13860f9cda8b85ed4bf0874d5195cfce)] -> xpath: //a[contains(text(),'List')]]
2022-12-20 00:12:135 INFO  CellPhonesListViewPage :26 - Click on nokialumia 1020[[ChromeDriver: chrome on WINDOWS (13860f9cda8b85ed4bf0874d5195cfce)] -> xpath: //div[@class='products-wrapper']//a[@href='/nokia-lumia-1020']]
2022-12-20 00:12:587 INFO  CellphoneListViewNokiaLumiaPage :46 - get text from nokia lumia text[[ChromeDriver: chrome on WINDOWS (13860f9cda8b85ed4bf0874d5195cfce)] -> xpath: //h1[contains(text(),'Nokia Lumia 1020')]]
2022-12-20 00:12:635 INFO  CellphoneListViewNokiaLumiaPage :52 - get text from nokia Lumia price[[ChromeDriver: chrome on WINDOWS (13860f9cda8b85ed4bf0874d5195cfce)] -> xpath: //span[@id='price-value-20']]
2022-12-20 00:12:834 INFO  CellphoneListViewNokiaLumiaPage :63 - Updated quantity for nokia lumia1020[[ChromeDriver: chrome on WINDOWS (13860f9cda8b85ed4bf0874d5195cfce)] -> id: product_enteredQuantity_20]
2022-12-20 00:12:899 INFO  CellphoneListViewNokiaLumiaPage :68 - click on Nokia lumia add to cart button[[ChromeDriver: chrome on WINDOWS (13860f9cda8b85ed4bf0874d5195cfce)] -> id: add-to-cart-button-20]
2022-12-20 00:12:206 INFO  CellphoneListViewNokiaLumiaPage :73 - get product added to cart message [[ChromeDriver: chrome on WINDOWS (13860f9cda8b85ed4bf0874d5195cfce)] -> xpath: //p[@class='content']]
2022-12-20 00:12:255 INFO  CellphoneListViewNokiaLumiaPage :78 - close the green bar by clicking the cross button[[ChromeDriver: chrome on WINDOWS (13860f9cda8b85ed4bf0874d5195cfce)] -> css selector: span[title='Close']]
2022-12-20 00:12:338 INFO  CellphoneListViewNokiaLumiaPage :83 - Mouse hover on nokia lumia shopping cart button[[ChromeDriver: chrome on WINDOWS (13860f9cda8b85ed4bf0874d5195cfce)] -> xpath: //span[text()='Shopping cart']]
2022-12-20 00:12:499 INFO  CellphoneListViewNokiaLumiaPage :88 - click on nokia lumia go to cart Button[[ChromeDriver: chrome on WINDOWS (13860f9cda8b85ed4bf0874d5195cfce)] -> xpath: //button[text()='Go to cart']]
2022-12-20 00:12:985 INFO  ShoppingCartPage :59 - Updat the quantity field2
2022-12-20 00:12:85 INFO  ShoppingCartPage :69 - Get tect from amount element[[ChromeDriver: chrome on WINDOWS (13860f9cda8b85ed4bf0874d5195cfce)] -> xpath: //span[@class='product-subtotal']]
2022-12-20 00:12:129 INFO  ShoppingCartPage :74 - click on term and conditions agreebox[[ChromeDriver: chrome on WINDOWS (13860f9cda8b85ed4bf0874d5195cfce)] -> xpath: //input[@id='termsofservice']]
2022-12-20 00:12:218 INFO  ShoppingCartPage :79 - click on checkout button[[ChromeDriver: chrome on WINDOWS (13860f9cda8b85ed4bf0874d5195cfce)] -> xpath: //button[@id='checkout']]
2022-12-20 00:12:228 INFO  ElectronicsCellPhonesPage :32 - Mousehover on Electronics [[ChromeDriver: chrome on WINDOWS (3f82f24459e6e224406ccc3a3f781b16)] -> link text: Electronics]
2022-12-20 00:12:784 INFO  ElectronicsCellPhonesPage :39 - Get cellphonepage welcome text [[ChromeDriver: chrome on WINDOWS (3f82f24459e6e224406ccc3a3f781b16)] -> xpath: //h1[contains(text(),'Cell phones')]]
2022-12-20 00:12:834 INFO  ElectronicsCellPhonesPage :44 - Click on the list view tab [[ChromeDriver: chrome on WINDOWS (3f82f24459e6e224406ccc3a3f781b16)] -> xpath: //a[contains(text(),'List')]]
2022-12-20 00:12:931 INFO  CellPhonesListViewPage :26 - Click on nokialumia 1020[[ChromeDriver: chrome on WINDOWS (3f82f24459e6e224406ccc3a3f781b16)] -> xpath: //div[@class='products-wrapper']//a[@href='/nokia-lumia-1020']]
2022-12-20 00:12:678 INFO  CellphoneListViewNokiaLumiaPage :46 - get text from nokia lumia text[[ChromeDriver: chrome on WINDOWS (3f82f24459e6e224406ccc3a3f781b16)] -> xpath: //h1[contains(text(),'Nokia Lumia 1020')]]
2022-12-20 00:12:724 INFO  CellphoneListViewNokiaLumiaPage :52 - get text from nokia Lumia price[[ChromeDriver: chrome on WINDOWS (3f82f24459e6e224406ccc3a3f781b16)] -> xpath: //span[@id='price-value-20']]
2022-12-20 00:12:919 INFO  CellphoneListViewNokiaLumiaPage :63 - Updated quantity for nokia lumia1020[[ChromeDriver: chrome on WINDOWS (3f82f24459e6e224406ccc3a3f781b16)] -> id: product_enteredQuantity_20]
2022-12-20 00:12:982 INFO  CellphoneListViewNokiaLumiaPage :68 - click on Nokia lumia add to cart button[[ChromeDriver: chrome on WINDOWS (3f82f24459e6e224406ccc3a3f781b16)] -> id: add-to-cart-button-20]
2022-12-20 00:12:344 INFO  CellphoneListViewNokiaLumiaPage :73 - get product added to cart message [[ChromeDriver: chrome on WINDOWS (3f82f24459e6e224406ccc3a3f781b16)] -> xpath: //p[@class='content']]
2022-12-20 00:12:395 INFO  CellphoneListViewNokiaLumiaPage :78 - close the green bar by clicking the cross button[[ChromeDriver: chrome on WINDOWS (3f82f24459e6e224406ccc3a3f781b16)] -> css selector: span[title='Close']]
2022-12-20 00:12:626 INFO  CellphoneListViewNokiaLumiaPage :83 - Mouse hover on nokia lumia shopping cart button[[ChromeDriver: chrome on WINDOWS (3f82f24459e6e224406ccc3a3f781b16)] -> xpath: //span[text()='Shopping cart']]
2022-12-20 00:12:859 INFO  CellphoneListViewNokiaLumiaPage :88 - click on nokia lumia go to cart Button[[ChromeDriver: chrome on WINDOWS (3f82f24459e6e224406ccc3a3f781b16)] -> xpath: //button[text()='Go to cart']]
2022-12-20 00:12:46 INFO  ShoppingCartPage :69 - Get tect from amount element[[ChromeDriver: chrome on WINDOWS (3f82f24459e6e224406ccc3a3f781b16)] -> xpath: //span[@class='product-subtotal']]
2022-12-20 00:12:92 INFO  ShoppingCartPage :74 - click on term and conditions agreebox[[ChromeDriver: chrome on WINDOWS (3f82f24459e6e224406ccc3a3f781b16)] -> xpath: //input[@id='termsofservice']]
2022-12-20 00:12:175 INFO  ShoppingCartPage :79 - click on checkout button[[ChromeDriver: chrome on WINDOWS (3f82f24459e6e224406ccc3a3f781b16)] -> xpath: //button[@id='checkout']]
2022-12-20 00:12:273 INFO  ElectronicsCellPhonesPage :32 - Mousehover on Electronics [[ChromeDriver: chrome on WINDOWS (cf19bc500f873be8f339fcf8441592ce)] -> link text: Electronics]
2022-12-20 00:12:783 INFO  ElectronicsCellPhonesPage :39 - Get cellphonepage welcome text [[ChromeDriver: chrome on WINDOWS (cf19bc500f873be8f339fcf8441592ce)] -> xpath: //h1[contains(text(),'Cell phones')]]
2022-12-20 00:12:828 INFO  ElectronicsCellPhonesPage :44 - Click on the list view tab [[ChromeDriver: chrome on WINDOWS (cf19bc500f873be8f339fcf8441592ce)] -> xpath: //a[contains(text(),'List')]]
2022-12-20 00:12:917 INFO  CellPhonesListViewPage :26 - Click on nokialumia 1020[[ChromeDriver: chrome on WINDOWS (cf19bc500f873be8f339fcf8441592ce)] -> xpath: //div[@class='products-wrapper']//a[@href='/nokia-lumia-1020']]
2022-12-20 00:12:370 INFO  CellphoneListViewNokiaLumiaPage :46 - get text from nokia lumia text[[ChromeDriver: chrome on WINDOWS (cf19bc500f873be8f339fcf8441592ce)] -> xpath: //h1[contains(text(),'Nokia Lumia 1020')]]
2022-12-20 00:12:411 INFO  CellphoneListViewNokiaLumiaPage :52 - get text from nokia Lumia price[[ChromeDriver: chrome on WINDOWS (cf19bc500f873be8f339fcf8441592ce)] -> xpath: //span[@id='price-value-20']]
2022-12-20 00:12:596 INFO  CellphoneListViewNokiaLumiaPage :63 - Updated quantity for nokia lumia1020[[ChromeDriver: chrome on WINDOWS (cf19bc500f873be8f339fcf8441592ce)] -> id: product_enteredQuantity_20]
2022-12-20 00:12:655 INFO  CellphoneListViewNokiaLumiaPage :68 - click on Nokia lumia add to cart button[[ChromeDriver: chrome on WINDOWS (cf19bc500f873be8f339fcf8441592ce)] -> id: add-to-cart-button-20]
2022-12-20 00:12:997 INFO  CellphoneListViewNokiaLumiaPage :73 - get product added to cart message [[ChromeDriver: chrome on WINDOWS (cf19bc500f873be8f339fcf8441592ce)] -> xpath: //p[@class='content']]
2022-12-20 00:12:46 INFO  CellphoneListViewNokiaLumiaPage :78 - close the green bar by clicking the cross button[[ChromeDriver: chrome on WINDOWS (cf19bc500f873be8f339fcf8441592ce)] -> css selector: span[title='Close']]
2022-12-20 00:12:232 INFO  CellphoneListViewNokiaLumiaPage :83 - Mouse hover on nokia lumia shopping cart button[[ChromeDriver: chrome on WINDOWS (cf19bc500f873be8f339fcf8441592ce)] -> xpath: //span[text()='Shopping cart']]
2022-12-20 00:12:478 INFO  CellphoneListViewNokiaLumiaPage :88 - click on nokia lumia go to cart Button[[ChromeDriver: chrome on WINDOWS (cf19bc500f873be8f339fcf8441592ce)] -> xpath: //button[text()='Go to cart']]
2022-12-20 00:12:767 INFO  ShoppingCartPage :69 - Get tect from amount element[[ChromeDriver: chrome on WINDOWS (cf19bc500f873be8f339fcf8441592ce)] -> xpath: //span[@class='product-subtotal']]
2022-12-20 00:12:809 INFO  ShoppingCartPage :74 - click on term and conditions agreebox[[ChromeDriver: chrome on WINDOWS (cf19bc500f873be8f339fcf8441592ce)] -> xpath: //input[@id='termsofservice']]
2022-12-20 00:12:888 INFO  ShoppingCartPage :79 - click on checkout button[[ChromeDriver: chrome on WINDOWS (cf19bc500f873be8f339fcf8441592ce)] -> xpath: //button[@id='checkout']]
2022-12-20 13:12:423 INFO  ElectronicsCellPhonesPage :32 - Mousehover on Electronics [[ChromeDriver: chrome on WINDOWS (f5663ba81f276f4bfc4114645f6f841a)] -> link text: Electronics]
2022-12-20 13:12:164 INFO  ElectronicsCellPhonesPage :39 - Get cellphonepage welcome text [[ChromeDriver: chrome on WINDOWS (f5663ba81f276f4bfc4114645f6f841a)] -> xpath: //h1[contains(text(),'Cell phones')]]
2022-12-20 15:12:524 INFO  ElectronicsCellPhonesPage :33 - Mousehover on Electronics [[ChromeDriver: chrome on WINDOWS (ef5473cd4d8375684f057285ce842c1f)] -> link text: Electronics]
2022-12-20 15:12:784 INFO  ElectronicsCellPhonesPage :40 - Get cellphonepage welcome text [[ChromeDriver: chrome on WINDOWS (ef5473cd4d8375684f057285ce842c1f)] -> xpath: //h1[contains(text(),'Cell phones')]]
2022-12-20 15:12:829 INFO  ElectronicsCellPhonesPage :45 - Click on the list view tab [[ChromeDriver: chrome on WINDOWS (ef5473cd4d8375684f057285ce842c1f)] -> xpath: //a[contains(text(),'List')]]
2022-12-20 15:12:912 INFO  CellPhonesListViewPage :26 - Click on nokialumia 1020[[ChromeDriver: chrome on WINDOWS (ef5473cd4d8375684f057285ce842c1f)] -> xpath: //div[@class='products-wrapper']//a[@href='/nokia-lumia-1020']]
2022-12-20 15:12:527 INFO  CellphoneListViewNokiaLumiaPage :46 - get text from nokia lumia text[[ChromeDriver: chrome on WINDOWS (ef5473cd4d8375684f057285ce842c1f)] -> xpath: //h1[contains(text(),'Nokia Lumia 1020')]]
2022-12-20 15:12:566 INFO  CellphoneListViewNokiaLumiaPage :52 - get text from nokia Lumia price[[ChromeDriver: chrome on WINDOWS (ef5473cd4d8375684f057285ce842c1f)] -> xpath: //span[@id='price-value-20']]
2022-12-20 15:12:733 INFO  CellphoneListViewNokiaLumiaPage :63 - Updated quantity for nokia lumia1020[[ChromeDriver: chrome on WINDOWS (ef5473cd4d8375684f057285ce842c1f)] -> id: product_enteredQuantity_20]
2022-12-20 15:12:783 INFO  CellphoneListViewNokiaLumiaPage :68 - click on Nokia lumia add to cart button[[ChromeDriver: chrome on WINDOWS (ef5473cd4d8375684f057285ce842c1f)] -> id: add-to-cart-button-20]
2022-12-20 15:12:114 INFO  CellphoneListViewNokiaLumiaPage :73 - get product added to cart message [[ChromeDriver: chrome on WINDOWS (ef5473cd4d8375684f057285ce842c1f)] -> xpath: //p[@class='content']]
2022-12-20 15:12:157 INFO  CellphoneListViewNokiaLumiaPage :78 - close the green bar by clicking the cross button[[ChromeDriver: chrome on WINDOWS (ef5473cd4d8375684f057285ce842c1f)] -> css selector: span[title='Close']]
2022-12-20 15:12:227 INFO  CellphoneListViewNokiaLumiaPage :83 - Mouse hover on nokia lumia shopping cart button[[ChromeDriver: chrome on WINDOWS (ef5473cd4d8375684f057285ce842c1f)] -> xpath: //span[text()='Shopping cart']]
2022-12-20 15:12:382 INFO  CellphoneListViewNokiaLumiaPage :88 - click on nokia lumia go to cart Button[[ChromeDriver: chrome on WINDOWS (ef5473cd4d8375684f057285ce842c1f)] -> xpath: //button[text()='Go to cart']]
2022-12-20 15:12:811 INFO  ShoppingCartPage :70 - Get tect from amount element[[ChromeDriver: chrome on WINDOWS (ef5473cd4d8375684f057285ce842c1f)] -> xpath: //span[@class='product-subtotal']]
2022-12-20 15:12:849 INFO  ShoppingCartPage :75 - click on term and conditions agreebox[[ChromeDriver: chrome on WINDOWS (ef5473cd4d8375684f057285ce842c1f)] -> xpath: //input[@id='termsofservice']]
2022-12-20 15:12:921 INFO  ShoppingCartPage :80 - click on checkout button[[ChromeDriver: chrome on WINDOWS (ef5473cd4d8375684f057285ce842c1f)] -> xpath: //button[@id='checkout']]
2022-12-20 15:12:59 INFO  RegistrationPage :53 - Get txt from Register message[[ChromeDriver: chrome on WINDOWS (ef5473cd4d8375684f057285ce842c1f)] -> xpath: //h1[contains(text(),'Register')]]
2022-12-20 15:12:145 INFO  RegistrationPage :59 -  click on male radio button : [[ChromeDriver: chrome on WINDOWS (ef5473cd4d8375684f057285ce842c1f)] -> xpath: //input[@id='gender-female']]
2022-12-20 15:12:166 INFO  RegistrationPage :64 - Enter firstname RahulowzNn to firstname field [[ChromeDriver: chrome on WINDOWS (ef5473cd4d8375684f057285ce842c1f)] -> xpath: //input[@id='FirstName']]
2022-12-20 15:12:252 INFO  RegistrationPage :69 - Enter lastname Doshij57Bs to firstname field [[ChromeDriver: chrome on WINDOWS (ef5473cd4d8375684f057285ce842c1f)] -> xpath: //input[@id='LastName']]
2022-12-20 15:12:349 INFO  RegistrationPage :99 - enter email addressrahul123iJq0HgPC@gmail.comin email field[[ChromeDriver: chrome on WINDOWS (ef5473cd4d8375684f057285ce842c1f)] -> css selector: #Email]
2022-12-20 15:12:486 INFO  RegistrationPage :75 - Enter password test123 to password field[[ChromeDriver: chrome on WINDOWS (ef5473cd4d8375684f057285ce842c1f)] -> xpath: //input[@id='Password']]
2022-12-20 15:12:584 INFO  RegistrationPage :80 - Enter confirm password test123 to cpassword field[[ChromeDriver: chrome on WINDOWS (ef5473cd4d8375684f057285ce842c1f)] -> xpath: //input[@id='ConfirmPassword']]
2022-12-20 15:12:677 INFO  RegistrationPage :85 - Click on registration buttton[[ChromeDriver: chrome on WINDOWS (ef5473cd4d8375684f057285ce842c1f)] -> xpath: //button[@id='register-button']]
2022-12-20 15:12:801 INFO  ShoppingCartPage :75 - click on term and conditions agreeboxProxy element for: DefaultElementLocator 'By.xpath: //input[@id='termsofservice']'
2022-12-20 15:12:793 INFO  ElectronicsCellPhonesPage :33 - Mousehover on Electronics [[ChromeDriver: chrome on WINDOWS (4538edad2bec868d493939b1a7e14e4c)] -> link text: Electronics]
2022-12-20 15:12:224 INFO  ElectronicsCellPhonesPage :40 - Get cellphonepage welcome text [[ChromeDriver: chrome on WINDOWS (4538edad2bec868d493939b1a7e14e4c)] -> xpath: //h1[contains(text(),'Cell phones')]]
2022-12-20 15:12:266 INFO  ElectronicsCellPhonesPage :45 - Click on the list view tab [[ChromeDriver: chrome on WINDOWS (4538edad2bec868d493939b1a7e14e4c)] -> xpath: //a[contains(text(),'List')]]
2022-12-20 15:12:340 INFO  CellPhonesListViewPage :26 - Click on nokialumia 1020[[ChromeDriver: chrome on WINDOWS (4538edad2bec868d493939b1a7e14e4c)] -> xpath: //div[@class='products-wrapper']//a[@href='/nokia-lumia-1020']]
2022-12-20 15:12:783 INFO  CellphoneListViewNokiaLumiaPage :46 - get text from nokia lumia text[[ChromeDriver: chrome on WINDOWS (4538edad2bec868d493939b1a7e14e4c)] -> xpath: //h1[contains(text(),'Nokia Lumia 1020')]]
2022-12-20 15:12:821 INFO  CellphoneListViewNokiaLumiaPage :52 - get text from nokia Lumia price[[ChromeDriver: chrome on WINDOWS (4538edad2bec868d493939b1a7e14e4c)] -> xpath: //span[@id='price-value-20']]
2022-12-20 15:12:970 INFO  CellphoneListViewNokiaLumiaPage :63 - Updated quantity for nokia lumia1020[[ChromeDriver: chrome on WINDOWS (4538edad2bec868d493939b1a7e14e4c)] -> id: product_enteredQuantity_20]
2022-12-20 15:12:22 INFO  CellphoneListViewNokiaLumiaPage :68 - click on Nokia lumia add to cart button[[ChromeDriver: chrome on WINDOWS (4538edad2bec868d493939b1a7e14e4c)] -> id: add-to-cart-button-20]
2022-12-20 15:12:410 INFO  CellphoneListViewNokiaLumiaPage :73 - get product added to cart message [[ChromeDriver: chrome on WINDOWS (4538edad2bec868d493939b1a7e14e4c)] -> xpath: //p[@class='content']]
2022-12-20 15:12:456 INFO  CellphoneListViewNokiaLumiaPage :78 - close the green bar by clicking the cross button[[ChromeDriver: chrome on WINDOWS (4538edad2bec868d493939b1a7e14e4c)] -> css selector: span[title='Close']]
2022-12-20 15:12:526 INFO  CellphoneListViewNokiaLumiaPage :83 - Mouse hover on nokia lumia shopping cart button[[ChromeDriver: chrome on WINDOWS (4538edad2bec868d493939b1a7e14e4c)] -> xpath: //span[text()='Shopping cart']]
2022-12-20 15:12:716 INFO  CellphoneListViewNokiaLumiaPage :88 - click on nokia lumia go to cart Button[[ChromeDriver: chrome on WINDOWS (4538edad2bec868d493939b1a7e14e4c)] -> xpath: //button[text()='Go to cart']]
2022-12-20 15:12:168 INFO  ShoppingCartPage :69 - Get tect from amount element[[ChromeDriver: chrome on WINDOWS (4538edad2bec868d493939b1a7e14e4c)] -> xpath: //span[@class='product-subtotal']]
2022-12-20 15:12:221 INFO  ShoppingCartPage :64 - Click on Update shopping cart[[ChromeDriver: chrome on WINDOWS (4538edad2bec868d493939b1a7e14e4c)] -> xpath: //div[@class='common-buttons']/child::button[1]]
2022-12-20 15:12:732 INFO  ShoppingCartPage :74 - click on term and conditions agreebox[[ChromeDriver: chrome on WINDOWS (4538edad2bec868d493939b1a7e14e4c)] -> xpath: //input[@id='termsofservice']]
2022-12-20 15:12:821 INFO  ShoppingCartPage :79 - click on checkout button[[ChromeDriver: chrome on WINDOWS (4538edad2bec868d493939b1a7e14e4c)] -> xpath: //button[@id='checkout']]
2022-12-20 15:12:289 INFO  RegistrationPage :53 - Get txt from Register message[[ChromeDriver: chrome on WINDOWS (4538edad2bec868d493939b1a7e14e4c)] -> xpath: //h1[contains(text(),'Register')]]
2022-12-20 15:12:408 INFO  RegistrationPage :59 -  click on male radio button : [[ChromeDriver: chrome on WINDOWS (4538edad2bec868d493939b1a7e14e4c)] -> xpath: //input[@id='gender-female']]
2022-12-20 15:12:440 INFO  RegistrationPage :64 - Enter firstname Rahul5E4fE to firstname field [[ChromeDriver: chrome on WINDOWS (4538edad2bec868d493939b1a7e14e4c)] -> xpath: //input[@id='FirstName']]
2022-12-20 15:12:559 INFO  RegistrationPage :69 - Enter lastname DoshiRfNFA to firstname field [[ChromeDriver: chrome on WINDOWS (4538edad2bec868d493939b1a7e14e4c)] -> xpath: //input[@id='LastName']]
2022-12-20 15:12:697 INFO  RegistrationPage :99 - enter email addressrahul1230ykxotai@gmail.comin email field[[ChromeDriver: chrome on WINDOWS (4538edad2bec868d493939b1a7e14e4c)] -> css selector: #Email]
2022-12-20 15:12:858 INFO  RegistrationPage :75 - Enter password test123 to password field[[ChromeDriver: chrome on WINDOWS (4538edad2bec868d493939b1a7e14e4c)] -> xpath: //input[@id='Password']]
2022-12-20 15:12:997 INFO  RegistrationPage :80 - Enter confirm password test123 to cpassword field[[ChromeDriver: chrome on WINDOWS (4538edad2bec868d493939b1a7e14e4c)] -> xpath: //input[@id='ConfirmPassword']]
2022-12-20 15:12:139 INFO  RegistrationPage :85 - Click on registration buttton[[ChromeDriver: chrome on WINDOWS (4538edad2bec868d493939b1a7e14e4c)] -> xpath: //button[@id='register-button']]
2022-12-20 15:12:289 INFO  ShoppingCartPage :74 - click on term and conditions agreeboxProxy element for: DefaultElementLocator 'By.xpath: //input[@id='termsofservice']'
